2025-10-14 01:59:54,755 - epetcare - INFO - Starting ePetCare Vet Desktop Application
2025-10-14 01:59:54,756 - epetcare - WARNING - module_finder.py not found. Continuing without it.
2025-10-14 01:59:54,939 - epetcare - WARNING - utils.database (SQLite) module is deprecated and not used for active data access.
2025-10-14 01:59:55,132 - epetcare - INFO - Initializing application...
2025-10-14 01:59:55,200 - epetcare - INFO - Connecting to PostgreSQL host=dpg-d3an6aggjchc73cpr5i0-a.oregon-postgres.render.com port=5432 db=epetcare_database user=shiro sslmode=require
2025-10-14 01:59:56,188 - epetcare - INFO - PostgreSQL connection established
2025-10-14 01:59:56,188 - epetcare - INFO - Connected to PostgreSQL successfully
2025-10-14 01:59:56,558 - epetcare - INFO - Creating main window...
2025-10-14 02:02:57,626 - epetcare - INFO - Application started successfully
2025-10-14 02:15:13,021 - epetcare - INFO - Starting ePetCare Vet Desktop Application
2025-10-14 02:15:13,022 - epetcare - WARNING - module_finder.py not found. Continuing without it.
2025-10-14 02:15:13,221 - epetcare - WARNING - utils.database (SQLite) module is deprecated and not used for active data access.
2025-10-14 02:15:13,412 - epetcare - INFO - Initializing application...
2025-10-14 02:15:13,461 - epetcare - INFO - Connecting to PostgreSQL host=dpg-d3an6aggjchc73cpr5i0-a.oregon-postgres.render.com port=5432 db=epetcare_database user=shiro sslmode=require
2025-10-14 02:15:14,420 - epetcare - INFO - PostgreSQL connection established
2025-10-14 02:15:14,420 - epetcare - INFO - Connected to PostgreSQL successfully
2025-10-14 02:15:14,779 - epetcare - INFO - Creating main window...
2025-10-14 02:15:27,918 - epetcare - INFO - Application started successfully
2025-10-14 02:19:33,893 - epetcare - INFO - Starting ePetCare Vet Desktop Application
2025-10-14 02:19:33,893 - epetcare - WARNING - module_finder.py not found. Continuing without it.
2025-10-14 02:19:34,098 - epetcare - WARNING - utils.database (SQLite) module is deprecated and not used for active data access.
2025-10-14 02:19:34,307 - epetcare - INFO - Initializing application...
2025-10-14 02:19:34,370 - epetcare - INFO - Connecting to PostgreSQL host=dpg-d3an6aggjchc73cpr5i0-a.oregon-postgres.render.com port=5432 db=epetcare_database user=shiro sslmode=require
2025-10-14 02:19:35,344 - epetcare - INFO - PostgreSQL connection established
2025-10-14 02:19:35,345 - epetcare - INFO - Connected to PostgreSQL successfully
2025-10-14 02:19:35,724 - epetcare - INFO - Creating main window...
2025-10-14 02:19:45,823 - epetcare - INFO - Application started successfully
