2025-12-15 14:43:55,698 - epetcare - INFO - Starting ePetCare Vet Desktop Application
2025-12-15 14:43:55,698 - epetcare - WARNING - module_finder.py not found. Continuing without it.
2025-12-15 14:43:56,338 - epetcare - INFO - Initializing application...
2025-12-15 14:43:56,391 - epetcare - INFO - Connecting to PostgreSQL host=dpg-d3an6aggjchc73cpr5i0-a.oregon-postgres.render.com port=5432 db=epetcare_database user=shiro sslmode=require
2025-12-15 14:43:57,300 - epetcare - INFO - PostgreSQL connection established
2025-12-15 14:43:57,300 - epetcare - INFO - Connected to PostgreSQL successfully
2025-12-15 14:43:57,634 - epetcare - INFO - Creating main window...
2025-12-15 14:44:03,332 - epetcare - INFO - Looking for icons in: C:\Users\hamme\Desktop\epetcare\vet_desktop_app\dist\ePetCare_Vet_Portal\_internal\resources
2025-12-15 14:44:03,333 - epetcare - INFO - Resource directory contents: ['app-icon.ico', 'app-icon.png', 'appointments.png', 'backup.png', 'dark_style.qss', 'dashboard.png', 'light_style.qss', 'logout.png', 'patients.png', 'settings.png', 'style.qss']
2025-12-15 14:44:03,353 - epetcare - INFO - Added action Dashboard to toolbar with icon from dashboard.png
2025-12-15 14:44:03,371 - epetcare - INFO - Added action Patients to toolbar with icon from patients.png
2025-12-15 14:44:03,384 - epetcare - INFO - Added action Appointments to toolbar with icon from appointments.png
2025-12-15 14:44:03,397 - epetcare - INFO - Added action Settings to toolbar with icon from settings.png
2025-12-15 14:44:03,408 - epetcare - INFO - Added action Report to toolbar with icon from backup.png
2025-12-15 14:44:03,420 - epetcare - INFO - Added action Logout to toolbar with icon from logout.png
2025-12-15 14:44:04,317 - epetcare - INFO - Application started successfully
2025-12-15 14:44:17,110 - epetcare - INFO - Notification created for prescription - owner_id=1, pet=Michael, medication=adasd
2025-12-15 14:46:26,011 - epetcare - INFO - Notification created for medical record - owner_id=1, pet=Michael
2025-12-15 14:46:36,545 - epetcare - INFO - Notification created for appointment - owner_id=1, pet=Michael
2025-12-15 14:51:18,551 - epetcare - ERROR - execute_query error: server closed the connection unexpectedly
	This probably means the server terminated abnormally
	before or while processing the request.
server closed the connection unexpectedly
	This probably means the server terminated abnormally
	before or while processing the request.
; query=
            SELECT a.*, p.name as pet_name, o.full_name as owner_name
            FROM clinic_appointment a
            JOIN clinic_pet p ON a.pet_id = p.id
            JOIN clinic_owner o ON p.owner_id = o.id
            ORDER BY a.date_time DESC
        
2025-12-15 14:51:18,551 - epetcare - INFO - Reconnecting to PostgreSQL ...
2025-12-15 14:51:18,551 - epetcare - ERROR - Auto-reconnect failed: could not translate host name "dpg-d3an6aggjchc73cpr5i0-a.oregon-postgres.render.com" to address: Name or service not known

2025-12-15 14:51:18,551 - epetcare - INFO - Reconnecting to PostgreSQL ...
2025-12-15 14:51:18,552 - epetcare - ERROR - Auto-reconnect failed: could not translate host name "dpg-d3an6aggjchc73cpr5i0-a.oregon-postgres.render.com" to address: Name or service not known

2025-12-15 14:51:18,552 - epetcare - ERROR - execute_query error: Connection closed and reconnect failed; query=
            SELECT a.*, p.name as pet_name, o.full_name as owner_name
            FROM clinic_appointment a
            JOIN clinic_pet p ON a.pet_id = p.id
            JOIN clinic_owner o ON p.owner_id = o.id
            ORDER BY a.date_time DESC
        
2025-12-15 14:51:18,552 - epetcare - INFO - Reconnecting to PostgreSQL ...
2025-12-15 14:51:18,552 - epetcare - ERROR - Auto-reconnect failed: could not translate host name "dpg-d3an6aggjchc73cpr5i0-a.oregon-postgres.render.com" to address: Name or service not known

2025-12-15 14:51:33,555 - epetcare - INFO - Reconnecting to PostgreSQL ...
2025-12-15 14:51:34,480 - epetcare - INFO - Reconnected to PostgreSQL
2025-12-15 15:07:36,293 - epetcare - ERROR - execute_query error: server closed the connection unexpectedly
	This probably means the server terminated abnormally
	before or while processing the request.
server closed the connection unexpectedly
	This probably means the server terminated abnormally
	before or while processing the request.
; query=
            SELECT a.*, p.name as pet_name, o.full_name as owner_name
            FROM clinic_appointment a
            JOIN clinic_pet p ON a.pet_id = p.id
            JOIN clinic_owner o ON p.owner_id = o.id
            ORDER BY a.date_time DESC
        
2025-12-15 15:07:36,293 - epetcare - INFO - Reconnecting to PostgreSQL ...
2025-12-15 15:07:38,127 - epetcare - INFO - Reconnected to PostgreSQL
2025-12-15 15:13:32,844 - epetcare - ERROR - fetch_all error (clinic_medicalrecord): connection already closed
2025-12-15 15:13:32,844 - epetcare - ERROR - fetch_all error (clinic_prescription): connection already closed
2025-12-15 15:13:32,844 - epetcare - ERROR - fetch_all error (clinic_appointment): connection already closed
2025-12-15 15:13:33,826 - epetcare - ERROR - fetch_all error (clinic_medicalrecord): connection already closed
2025-12-15 15:13:33,826 - epetcare - ERROR - fetch_all error (clinic_prescription): connection already closed
2025-12-15 15:13:33,826 - epetcare - ERROR - fetch_all error (clinic_appointment): connection already closed
2025-12-15 15:13:34,817 - epetcare - ERROR - fetch_all error (clinic_medicalrecord): connection already closed
2025-12-15 15:13:34,818 - epetcare - ERROR - fetch_all error (clinic_prescription): connection already closed
2025-12-15 15:13:34,818 - epetcare - ERROR - fetch_all error (clinic_appointment): connection already closed
2025-12-15 15:18:07,752 - epetcare - ERROR - fetch_all error (clinic_medicalrecord): connection already closed
2025-12-15 15:18:07,752 - epetcare - ERROR - fetch_all error (clinic_prescription): connection already closed
2025-12-15 15:18:07,753 - epetcare - ERROR - fetch_all error (clinic_appointment): connection already closed
2025-12-15 15:19:24,982 - epetcare - INFO - Starting ePetCare Vet Desktop Application
2025-12-15 15:19:24,982 - epetcare - WARNING - module_finder.py not found. Continuing without it.
2025-12-15 15:19:25,224 - epetcare - INFO - Initializing application...
2025-12-15 15:19:25,284 - epetcare - INFO - Connecting to PostgreSQL host=dpg-d3an6aggjchc73cpr5i0-a.oregon-postgres.render.com port=5432 db=epetcare_database user=shiro sslmode=require
2025-12-15 15:19:26,213 - epetcare - INFO - PostgreSQL connection established
2025-12-15 15:19:26,213 - epetcare - INFO - Connected to PostgreSQL successfully
2025-12-15 15:19:26,563 - epetcare - INFO - Creating main window...
2025-12-15 15:20:00,768 - epetcare - INFO - Looking for icons in: C:\Users\hamme\Desktop\epetcare\vet_desktop_app\dist\ePetCare_Vet_Portal\_internal\resources
2025-12-15 15:20:00,768 - epetcare - INFO - Resource directory contents: ['app-icon.ico', 'app-icon.png', 'appointments.png', 'backup.png', 'dark_style.qss', 'dashboard.png', 'light_style.qss', 'logout.png', 'patients.png', 'settings.png', 'style.qss']
2025-12-15 15:20:00,777 - epetcare - INFO - Added action Dashboard to toolbar with icon from dashboard.png
2025-12-15 15:20:00,786 - epetcare - INFO - Added action Patients to toolbar with icon from patients.png
2025-12-15 15:20:00,791 - epetcare - INFO - Added action Appointments to toolbar with icon from appointments.png
2025-12-15 15:20:00,798 - epetcare - INFO - Added action Settings to toolbar with icon from settings.png
2025-12-15 15:20:00,803 - epetcare - INFO - Added action Report to toolbar with icon from backup.png
2025-12-15 15:20:00,809 - epetcare - INFO - Added action Logout to toolbar with icon from logout.png
2025-12-15 15:20:01,534 - epetcare - INFO - Application started successfully
2025-12-15 15:20:15,945 - epetcare - INFO - Notification created for prescription - owner_id=2, pet=Aldrin, medication=DA
2025-12-15 15:20:33,800 - epetcare - INFO - Notification created for medical record - owner_id=2, pet=Aldrin
2025-12-15 15:20:46,097 - epetcare - INFO - Notification created for appointment - owner_id=2, pet=Aldrin
2025-12-15 15:21:02,334 - epetcare - ERROR - execute_query error: server closed the connection unexpectedly
	This probably means the server terminated abnormally
	before or while processing the request.
server closed the connection unexpectedly
	This probably means the server terminated abnormally
	before or while processing the request.
; query=
            SELECT a.*, p.name as pet_name, o.full_name as owner_name
            FROM clinic_appointment a
            JOIN clinic_pet p ON a.pet_id = p.id
            JOIN clinic_owner o ON p.owner_id = o.id
            ORDER BY a.date_time DESC
        
2025-12-15 15:21:02,334 - epetcare - INFO - Reconnecting to PostgreSQL ...
2025-12-15 15:21:02,347 - epetcare - ERROR - Auto-reconnect failed: could not translate host name "dpg-d3an6aggjchc73cpr5i0-a.oregon-postgres.render.com" to address: Name or service not known

2025-12-15 15:21:02,347 - epetcare - INFO - Reconnecting to PostgreSQL ...
2025-12-15 15:21:02,352 - epetcare - ERROR - Auto-reconnect failed: could not translate host name "dpg-d3an6aggjchc73cpr5i0-a.oregon-postgres.render.com" to address: Name or service not known

2025-12-15 15:21:02,352 - epetcare - ERROR - execute_query error: Connection closed and reconnect failed; query=
            SELECT a.*, p.name as pet_name, o.full_name as owner_name
            FROM clinic_appointment a
            JOIN clinic_pet p ON a.pet_id = p.id
            JOIN clinic_owner o ON p.owner_id = o.id
            ORDER BY a.date_time DESC
        
2025-12-15 15:21:02,352 - epetcare - INFO - Reconnecting to PostgreSQL ...
2025-12-15 15:21:02,353 - epetcare - ERROR - Auto-reconnect failed: could not translate host name "dpg-d3an6aggjchc73cpr5i0-a.oregon-postgres.render.com" to address: Name or service not known

2025-12-15 15:21:15,763 - epetcare - INFO - Reconnecting to PostgreSQL ...
2025-12-15 15:21:15,948 - epetcare - ERROR - Auto-reconnect failed: connection to server at "dpg-d3an6aggjchc73cpr5i0-a.oregon-postgres.render.com" (35.227.164.209), port 5432 failed: server closed the connection unexpectedly
	This probably means the server terminated abnormally
	before or while processing the request.

2025-12-15 15:21:15,949 - epetcare - ERROR - execute_query error: Connection closed and reconnect failed; query=
            SELECT a.*, p.name as pet_name, o.full_name as owner_name
            FROM clinic_appointment a
            JOIN clinic_pet p ON a.pet_id = p.id
            JOIN clinic_owner o ON p.owner_id = o.id
            ORDER BY a.date_time DESC
        
2025-12-15 15:21:15,949 - epetcare - INFO - Reconnecting to PostgreSQL ...
2025-12-15 15:21:15,954 - epetcare - ERROR - Auto-reconnect failed: could not translate host name "dpg-d3an6aggjchc73cpr5i0-a.oregon-postgres.render.com" to address: Name or service not known

2025-12-15 15:21:15,954 - epetcare - INFO - Reconnecting to PostgreSQL ...
2025-12-15 15:21:15,961 - epetcare - ERROR - Auto-reconnect failed: could not translate host name "dpg-d3an6aggjchc73cpr5i0-a.oregon-postgres.render.com" to address: Name or service not known

2025-12-15 15:21:15,961 - epetcare - ERROR - execute_query error: Connection closed and reconnect failed; query=
            SELECT a.*, p.name as pet_name, o.full_name as owner_name
            FROM clinic_appointment a
            JOIN clinic_pet p ON a.pet_id = p.id
            JOIN clinic_owner o ON p.owner_id = o.id
            ORDER BY a.date_time DESC
        
2025-12-15 15:21:15,961 - epetcare - INFO - Reconnecting to PostgreSQL ...
2025-12-15 15:21:15,962 - epetcare - ERROR - Auto-reconnect failed: could not translate host name "dpg-d3an6aggjchc73cpr5i0-a.oregon-postgres.render.com" to address: Name or service not known

2025-12-15 15:21:30,760 - epetcare - INFO - Reconnecting to PostgreSQL ...
2025-12-15 15:21:31,812 - epetcare - INFO - Reconnected to PostgreSQL
2025-12-15 15:22:02,573 - epetcare - ERROR - fetch_by_id error (clinic_owner): connection already closed
2025-12-15 15:40:23,691 - epetcare - ERROR - fetch_all error (clinic_medicalrecord): connection already closed
2025-12-15 15:40:23,691 - epetcare - ERROR - fetch_all error (clinic_prescription): connection already closed
2025-12-15 15:40:23,691 - epetcare - ERROR - fetch_all error (clinic_appointment): connection already closed
2025-12-15 15:40:45,488 - epetcare - INFO - Starting ePetCare Vet Desktop Application
2025-12-15 15:40:45,488 - epetcare - WARNING - module_finder.py not found. Continuing without it.
2025-12-15 15:40:45,700 - epetcare - INFO - Initializing application...
2025-12-15 15:40:45,738 - epetcare - INFO - Connecting to PostgreSQL host=dpg-d3an6aggjchc73cpr5i0-a.oregon-postgres.render.com port=5432 db=epetcare_database user=shiro sslmode=require
2025-12-15 15:40:46,111 - epetcare - INFO - Starting ePetCare Vet Desktop Application
2025-12-15 15:40:46,111 - epetcare - WARNING - module_finder.py not found. Continuing without it.
2025-12-15 15:40:46,317 - epetcare - INFO - Initializing application...
2025-12-15 15:40:46,336 - epetcare - INFO - Connecting to PostgreSQL host=dpg-d3an6aggjchc73cpr5i0-a.oregon-postgres.render.com port=5432 db=epetcare_database user=shiro sslmode=require
2025-12-15 15:40:46,693 - epetcare - INFO - PostgreSQL connection established
2025-12-15 15:40:46,693 - epetcare - INFO - Connected to PostgreSQL successfully
2025-12-15 15:40:46,982 - epetcare - INFO - Starting ePetCare Vet Desktop Application
2025-12-15 15:40:46,982 - epetcare - WARNING - module_finder.py not found. Continuing without it.
2025-12-15 15:40:47,033 - epetcare - INFO - Creating main window...
2025-12-15 15:40:47,194 - epetcare - INFO - Initializing application...
2025-12-15 15:40:47,226 - epetcare - INFO - Connecting to PostgreSQL host=dpg-d3an6aggjchc73cpr5i0-a.oregon-postgres.render.com port=5432 db=epetcare_database user=shiro sslmode=require
2025-12-15 15:40:47,246 - epetcare - INFO - PostgreSQL connection established
2025-12-15 15:40:47,246 - epetcare - INFO - Connected to PostgreSQL successfully
2025-12-15 15:40:47,580 - epetcare - INFO - Creating main window...
2025-12-15 15:40:48,140 - epetcare - INFO - PostgreSQL connection established
2025-12-15 15:40:48,140 - epetcare - INFO - Connected to PostgreSQL successfully
2025-12-15 15:40:48,507 - epetcare - INFO - Creating main window...
2025-12-15 15:40:57,096 - epetcare - INFO - Looking for icons in: C:\Users\hamme\Desktop\epetcare\vet_desktop_app\dist\ePetCare_Vet_Portal\_internal\resources
2025-12-15 15:40:57,096 - epetcare - INFO - Resource directory contents: ['app-icon.ico', 'app-icon.png', 'appointments.png', 'backup.png', 'dark_style.qss', 'dashboard.png', 'light_style.qss', 'logout.png', 'patients.png', 'settings.png', 'style.qss']
2025-12-15 15:40:57,106 - epetcare - INFO - Added action Dashboard to toolbar with icon from dashboard.png
2025-12-15 15:40:57,114 - epetcare - INFO - Added action Patients to toolbar with icon from patients.png
2025-12-15 15:40:57,120 - epetcare - INFO - Added action Appointments to toolbar with icon from appointments.png
2025-12-15 15:40:57,128 - epetcare - INFO - Added action Settings to toolbar with icon from settings.png
2025-12-15 15:40:57,133 - epetcare - INFO - Added action Report to toolbar with icon from backup.png
2025-12-15 15:40:57,139 - epetcare - INFO - Added action Logout to toolbar with icon from logout.png
2025-12-15 15:40:57,841 - epetcare - INFO - Application started successfully
2025-12-15 15:41:02,094 - epetcare - INFO - Application started successfully
2025-12-15 15:41:10,313 - epetcare - INFO - Application started successfully
